<?xml version="1.0" encoding="UTF-8"?>
<testng-results skipped="0" failed="0" ignored="0" total="1" passed="1">
  <reporter-output>
  </reporter-output>
  <suite name="Suite" duration-ms="88128" started-at="2020-09-05T06:44:30Z" finished-at="2020-09-05T06:45:58Z">
    <groups>
    </groups>
    <test name="demo" duration-ms="88128" started-at="2020-09-05T06:44:30Z" finished-at="2020-09-05T06:45:58Z">
      <class name="com.test.smoke.HomePageTest">
        <test-method status="PASS" signature="setUp()[pri:0, instance:com.test.smoke.HomePageTest@36f0f1be]" name="setUp" is-config="true" duration-ms="8792" started-at="2020-09-05T06:44:30Z" finished-at="2020-09-05T06:44:39Z">
          <reporter-output>
          </reporter-output>
        </test-method> <!-- setUp -->
        <test-method status="PASS" signature="test()[pri:0, instance:com.test.smoke.HomePageTest@36f0f1be]" name="test" duration-ms="78123" started-at="2020-09-05T06:44:39Z" finished-at="2020-09-05T06:45:57Z">
          <reporter-output>
          </reporter-output>
        </test-method> <!-- test -->
        <test-method status="PASS" signature="TearDown()[pri:0, instance:com.test.smoke.HomePageTest@36f0f1be]" name="TearDown" is-config="true" duration-ms="440" started-at="2020-09-05T06:45:58Z" finished-at="2020-09-05T06:45:58Z">
          <reporter-output>
          </reporter-output>
        </test-method> <!-- TearDown -->
      </class> <!-- com.test.smoke.HomePageTest -->
    </test> <!-- demo -->
  </suite> <!-- Suite -->
</testng-results>
