<?xml version="1.0" encoding="UTF-8"?>
<testng-results skipped="0" failed="0" ignored="0" total="1" passed="1">
  <reporter-output>
  </reporter-output>
  <suite name="com.test.smoke.HomePageTest" duration-ms="55321" started-at="2020-09-05T07:26:30Z" finished-at="2020-09-05T07:27:25Z">
    <groups>
    </groups>
    <test name="Command line test" duration-ms="55321" started-at="2020-09-05T07:26:30Z" finished-at="2020-09-05T07:27:25Z">
      <class name="com.test.smoke.HomePageTest">
        <test-method status="PASS" signature="setUp()[pri:0, instance:com.test.smoke.HomePageTest@3532ec19]" name="setUp" is-config="true" duration-ms="8976" started-at="2020-09-05T07:26:30Z" finished-at="2020-09-05T07:26:39Z">
          <reporter-output>
          </reporter-output>
        </test-method> <!-- setUp -->
        <test-method status="PASS" signature="test()[pri:0, instance:com.test.smoke.HomePageTest@3532ec19]" name="test" duration-ms="45871" started-at="2020-09-05T07:26:39Z" finished-at="2020-09-05T07:27:25Z">
          <reporter-output>
          </reporter-output>
        </test-method> <!-- test -->
        <test-method status="PASS" signature="TearDown()[pri:0, instance:com.test.smoke.HomePageTest@3532ec19]" name="TearDown" is-config="true" duration-ms="457" started-at="2020-09-05T07:27:25Z" finished-at="2020-09-05T07:27:25Z">
          <reporter-output>
          </reporter-output>
        </test-method> <!-- TearDown -->
      </class> <!-- com.test.smoke.HomePageTest -->
    </test> <!-- Command line test -->
  </suite> <!-- com.test.smoke.HomePageTest -->
</testng-results>
